  [1m[35m (8.5ms)[0m  [1m[34mSELECT sqlite_version(*)[0m
  [1m[35m (5.3ms)[0m  [1m[35mCREATE TABLE "schema_migrations" ("version" varchar NOT NULL PRIMARY KEY)[0m
  [1m[35m (5.9ms)[0m  [1m[35mCREATE TABLE "ar_internal_metadata" ("key" varchar NOT NULL PRIMARY KEY, "value" varchar, "created_at" datetime(6) NOT NULL, "updated_at" datetime(6) NOT NULL)[0m
  [1m[35m (0.4ms)[0m  [1m[34mSELECT "schema_migrations"."version" FROM "schema_migrations" ORDER BY "schema_migrations"."version" ASC[0m
Migrating to CreateUsers (20200905151950)
  [1m[35m (0.2ms)[0m  [1m[36mbegin transaction[0m
  [1m[35m (1.0ms)[0m  [1m[35mCREATE TABLE "users" ("id" integer PRIMARY KEY AUTOINCREMENT NOT NULL, "username" varchar, "created_at" datetime(6) NOT NULL, "updated_at" datetime(6) NOT NULL)[0m
  [1m[36mprimary::SchemaMigration Create (0.4ms)[0m  [1m[32mINSERT INTO "schema_migrations" ("version") VALUES (?)[0m  [["version", "20200905151950"]]
  [1m[35m (5.9ms)[0m  [1m[36mcommit transaction[0m
Migrating to CreateScores (20200905152027)
  [1m[35m (0.1ms)[0m  [1m[36mbegin transaction[0m
  [1m[35m (0.5ms)[0m  [1m[35mCREATE TABLE "scores" ("id" integer PRIMARY KEY AUTOINCREMENT NOT NULL, "user_id" integer, "value" integer, "created_at" datetime(6) NOT NULL, "updated_at" datetime(6) NOT NULL)[0m
  [1m[36mprimary::SchemaMigration Create (0.2ms)[0m  [1m[32mINSERT INTO "schema_migrations" ("version") VALUES (?)[0m  [["version", "20200905152027"]]
  [1m[35m (6.2ms)[0m  [1m[36mcommit transaction[0m
  [1m[36mActiveRecord::InternalMetadata Load (0.2ms)[0m  [1m[34mSELECT "ar_internal_metadata".* FROM "ar_internal_metadata" WHERE "ar_internal_metadata"."key" = ? LIMIT ?[0m  [["key", "environment"], ["LIMIT", 1]]
  [1m[35m (0.1ms)[0m  [1m[36mbegin transaction[0m
  [1m[36mActiveRecord::InternalMetadata Create (0.4ms)[0m  [1m[32mINSERT INTO "ar_internal_metadata" ("key", "value", "created_at", "updated_at") VALUES (?, ?, ?, ?)[0m  [["key", "environment"], ["value", "development"], ["created_at", "2020-09-05 15:22:47.147747"], ["updated_at", "2020-09-05 15:22:47.147747"]]
  [1m[35m (3.8ms)[0m  [1m[36mcommit transaction[0m
  [1m[35m (0.1ms)[0m  [1m[34mSELECT sqlite_version(*)[0m
  [1m[35m (0.1ms)[0m  [1m[34mSELECT "schema_migrations"."version" FROM "schema_migrations" ORDER BY "schema_migrations"."version" ASC[0m
  [1m[35m (3.7ms)[0m  [1m[34mSELECT sqlite_version(*)[0m
  [1m[35m (2.4ms)[0m  [1m[34mSELECT "schema_migrations"."version" FROM "schema_migrations" ORDER BY "schema_migrations"."version" ASC[0m
  [1m[35m (0.1ms)[0m  [1m[34mSELECT sqlite_version(*)[0m
  [1m[36mUser Load (2.3ms)[0m  [1m[34mSELECT "users".* FROM "users"[0m
  [1m[36mScore Load (0.6ms)[0m  [1m[34mSELECT "scores".* FROM "scores"[0m
  [1m[35m (0.1ms)[0m  [1m[36mbegin transaction[0m
  [1m[36mUser Exists? (0.2ms)[0m  [1m[34mSELECT 1 AS one FROM "users" WHERE LOWER("users"."username") = LOWER(?) LIMIT ?[0m  [["username", "Davis"], ["LIMIT", 1]]
  [1m[36mUser Create (2.9ms)[0m  [1m[32mINSERT INTO "users" ("username", "created_at", "updated_at") VALUES (?, ?, ?)[0m  [["username", "Davis"], ["created_at", "2020-09-05 15:25:43.382187"], ["updated_at", "2020-09-05 15:25:43.382187"]]
  [1m[35m (2.3ms)[0m  [1m[36mcommit transaction[0m
  [1m[35m (0.1ms)[0m  [1m[36mbegin transaction[0m
  [1m[36mUser Exists? (2.3ms)[0m  [1m[34mSELECT 1 AS one FROM "users" WHERE LOWER("users"."username") = LOWER(?) LIMIT ?[0m  [["username", "Steven"], ["LIMIT", 1]]
  [1m[36mUser Create (0.6ms)[0m  [1m[32mINSERT INTO "users" ("username", "created_at", "updated_at") VALUES (?, ?, ?)[0m  [["username", "Steven"], ["created_at", "2020-09-05 15:25:43.398638"], ["updated_at", "2020-09-05 15:25:43.398638"]]
  [1m[35m (2.8ms)[0m  [1m[36mcommit transaction[0m
  [1m[35m (0.1ms)[0m  [1m[36mbegin transaction[0m
  [1m[36mUser Exists? (0.2ms)[0m  [1m[34mSELECT 1 AS one FROM "users" WHERE LOWER("users"."username") = LOWER(?) LIMIT ?[0m  [["username", "Matt"], ["LIMIT", 1]]
  [1m[36mUser Create (0.3ms)[0m  [1m[32mINSERT INTO "users" ("username", "created_at", "updated_at") VALUES (?, ?, ?)[0m  [["username", "Matt"], ["created_at", "2020-09-05 15:25:43.408836"], ["updated_at", "2020-09-05 15:25:43.408836"]]
  [1m[35m (2.6ms)[0m  [1m[36mcommit transaction[0m
  [1m[35m (0.1ms)[0m  [1m[36mbegin transaction[0m
  [1m[36mUser Exists? (0.2ms)[0m  [1m[34mSELECT 1 AS one FROM "users" WHERE LOWER("users"."username") = LOWER(?) LIMIT ?[0m  [["username", "Eliseo"], ["LIMIT", 1]]
  [1m[36mUser Create (0.3ms)[0m  [1m[32mINSERT INTO "users" ("username", "created_at", "updated_at") VALUES (?, ?, ?)[0m  [["username", "Eliseo"], ["created_at", "2020-09-05 15:25:43.418143"], ["updated_at", "2020-09-05 15:25:43.418143"]]
  [1m[35m (2.8ms)[0m  [1m[36mcommit transaction[0m
  [1m[35m (0.1ms)[0m  [1m[36mbegin transaction[0m
  [1m[36mUser Exists? (0.2ms)[0m  [1m[34mSELECT 1 AS one FROM "users" WHERE LOWER("users"."username") = LOWER(?) LIMIT ?[0m  [["username", "Clarine"], ["LIMIT", 1]]
  [1m[36mUser Create (0.4ms)[0m  [1m[32mINSERT INTO "users" ("username", "created_at", "updated_at") VALUES (?, ?, ?)[0m  [["username", "Clarine"], ["created_at", "2020-09-05 15:25:43.427770"], ["updated_at", "2020-09-05 15:25:43.427770"]]
  [1m[35m (2.9ms)[0m  [1m[36mcommit transaction[0m
  [1m[35m (0.1ms)[0m  [1m[36mbegin transaction[0m
  [1m[36mUser Exists? (0.2ms)[0m  [1m[34mSELECT 1 AS one FROM "users" WHERE LOWER("users"."username") = LOWER(?) LIMIT ?[0m  [["username", "Josephina"], ["LIMIT", 1]]
  [1m[36mUser Create (0.4ms)[0m  [1m[32mINSERT INTO "users" ("username", "created_at", "updated_at") VALUES (?, ?, ?)[0m  [["username", "Josephina"], ["created_at", "2020-09-05 15:25:43.437512"], ["updated_at", "2020-09-05 15:25:43.437512"]]
  [1m[35m (2.7ms)[0m  [1m[36mcommit transaction[0m
  [1m[35m (0.1ms)[0m  [1m[36mbegin transaction[0m
  [1m[36mUser Exists? (0.2ms)[0m  [1m[34mSELECT 1 AS one FROM "users" WHERE LOWER("users"."username") = LOWER(?) LIMIT ?[0m  [["username", "Alejandro"], ["LIMIT", 1]]
  [1m[36mUser Create (0.3ms)[0m  [1m[32mINSERT INTO "users" ("username", "created_at", "updated_at") VALUES (?, ?, ?)[0m  [["username", "Alejandro"], ["created_at", "2020-09-05 15:25:43.447025"], ["updated_at", "2020-09-05 15:25:43.447025"]]
  [1m[35m (2.8ms)[0m  [1m[36mcommit transaction[0m
  [1m[35m (0.1ms)[0m  [1m[36mbegin transaction[0m
  [1m[36mUser Exists? (0.2ms)[0m  [1m[34mSELECT 1 AS one FROM "users" WHERE LOWER("users"."username") = LOWER(?) LIMIT ?[0m  [["username", "Sherrill"], ["LIMIT", 1]]
  [1m[36mUser Create (0.4ms)[0m  [1m[32mINSERT INTO "users" ("username", "created_at", "updated_at") VALUES (?, ?, ?)[0m  [["username", "Sherrill"], ["created_at", "2020-09-05 15:25:43.456637"], ["updated_at", "2020-09-05 15:25:43.456637"]]
  [1m[35m (2.7ms)[0m  [1m[36mcommit transaction[0m
  [1m[35m (0.1ms)[0m  [1m[36mbegin transaction[0m
  [1m[36mUser Exists? (0.2ms)[0m  [1m[34mSELECT 1 AS one FROM "users" WHERE LOWER("users"."username") = LOWER(?) LIMIT ?[0m  [["username", "Carlene"], ["LIMIT", 1]]
  [1m[36mUser Create (0.5ms)[0m  [1m[32mINSERT INTO "users" ("username", "created_at", "updated_at") VALUES (?, ?, ?)[0m  [["username", "Carlene"], ["created_at", "2020-09-05 15:25:43.465860"], ["updated_at", "2020-09-05 15:25:43.465860"]]
  [1m[35m (1.6ms)[0m  [1m[36mcommit transaction[0m
  [1m[35m (0.1ms)[0m  [1m[36mbegin transaction[0m
  [1m[36mUser Exists? (0.2ms)[0m  [1m[34mSELECT 1 AS one FROM "users" WHERE LOWER("users"."username") = LOWER(?) LIMIT ?[0m  [["username", "Bert"], ["LIMIT", 1]]
  [1m[36mUser Create (0.4ms)[0m  [1m[32mINSERT INTO "users" ("username", "created_at", "updated_at") VALUES (?, ?, ?)[0m  [["username", "Bert"], ["created_at", "2020-09-05 15:25:43.474284"], ["updated_at", "2020-09-05 15:25:43.474284"]]
  [1m[35m (2.9ms)[0m  [1m[36mcommit transaction[0m
  [1m[36mUser Load (0.2ms)[0m  [1m[34mSELECT "users".* FROM "users"[0m
  [1m[35m (0.1ms)[0m  [1m[36mbegin transaction[0m
  [1m[36mScore Create (0.4ms)[0m  [1m[32mINSERT INTO "scores" ("user_id", "value", "created_at", "updated_at") VALUES (?, ?, ?, ?)[0m  [["user_id", 1], ["value", 44], ["created_at", "2020-09-05 15:25:43.506009"], ["updated_at", "2020-09-05 15:25:43.506009"]]
  [1m[35m (3.1ms)[0m  [1m[36mcommit transaction[0m
  [1m[35m (0.1ms)[0m  [1m[36mbegin transaction[0m
  [1m[36mScore Create (0.6ms)[0m  [1m[32mINSERT INTO "scores" ("user_id", "value", "created_at", "updated_at") VALUES (?, ?, ?, ?)[0m  [["user_id", 1], ["value", 18], ["created_at", "2020-09-05 15:25:43.514483"], ["updated_at", "2020-09-05 15:25:43.514483"]]
  [1m[35m (2.8ms)[0m  [1m[36mcommit transaction[0m
  [1m[35m (0.1ms)[0m  [1m[36mbegin transaction[0m
  [1m[36mScore Create (0.4ms)[0m  [1m[32mINSERT INTO "scores" ("user_id", "value", "created_at", "updated_at") VALUES (?, ?, ?, ?)[0m  [["user_id", 2], ["value", 40], ["created_at", "2020-09-05 15:25:43.523689"], ["updated_at", "2020-09-05 15:25:43.523689"]]
  [1m[35m (2.8ms)[0m  [1m[36mcommit transaction[0m
  [1m[35m (0.1ms)[0m  [1m[36mbegin transaction[0m
  [1m[36mScore Create (0.4ms)[0m  [1m[32mINSERT INTO "scores" ("user_id", "value", "created_at", "updated_at") VALUES (?, ?, ?, ?)[0m  [["user_id", 2], ["value", 2], ["created_at", "2020-09-05 15:25:43.530581"], ["updated_at", "2020-09-05 15:25:43.530581"]]
  [1m[35m (3.7ms)[0m  [1m[36mcommit transaction[0m
  [1m[35m (0.1ms)[0m  [1m[36mbegin transaction[0m
  [1m[36mScore Create (0.4ms)[0m  [1m[32mINSERT INTO "scores" ("user_id", "value", "created_at", "updated_at") VALUES (?, ?, ?, ?)[0m  [["user_id", 2], ["value", 32], ["created_at", "2020-09-05 15:25:43.558675"], ["updated_at", "2020-09-05 15:25:43.558675"]]
  [1m[35m (2.7ms)[0m  [1m[36mcommit transaction[0m
  [1m[35m (0.1ms)[0m  [1m[36mbegin transaction[0m
  [1m[36mScore Create (0.4ms)[0m  [1m[32mINSERT INTO "scores" ("user_id", "value", "created_at", "updated_at") VALUES (?, ?, ?, ?)[0m  [["user_id", 3], ["value", 38], ["created_at", "2020-09-05 15:25:43.565849"], ["updated_at", "2020-09-05 15:25:43.565849"]]
  [1m[35m (2.6ms)[0m  [1m[36mcommit transaction[0m
  [1m[35m (0.1ms)[0m  [1m[36mbegin transaction[0m
  [1m[36mScore Create (0.4ms)[0m  [1m[32mINSERT INTO "scores" ("user_id", "value", "created_at", "updated_at") VALUES (?, ?, ?, ?)[0m  [["user_id", 4], ["value", 26], ["created_at", "2020-09-05 15:25:43.572422"], ["updated_at", "2020-09-05 15:25:43.572422"]]
  [1m[35m (3.0ms)[0m  [1m[36mcommit transaction[0m
  [1m[35m (0.1ms)[0m  [1m[36mbegin transaction[0m
  [1m[36mScore Create (0.4ms)[0m  [1m[32mINSERT INTO "scores" ("user_id", "value", "created_at", "updated_at") VALUES (?, ?, ?, ?)[0m  [["user_id", 4], ["value", 9], ["created_at", "2020-09-05 15:25:43.579806"], ["updated_at", "2020-09-05 15:25:43.579806"]]
  [1m[35m (2.7ms)[0m  [1m[36mcommit transaction[0m
  [1m[35m (0.1ms)[0m  [1m[36mbegin transaction[0m
  [1m[36mScore Create (0.4ms)[0m  [1m[32mINSERT INTO "scores" ("user_id", "value", "created_at", "updated_at") VALUES (?, ?, ?, ?)[0m  [["user_id", 4], ["value", 32], ["created_at", "2020-09-05 15:25:43.586269"], ["updated_at", "2020-09-05 15:25:43.586269"]]
  [1m[35m (2.6ms)[0m  [1m[36mcommit transaction[0m
  [1m[35m (0.1ms)[0m  [1m[36mbegin transaction[0m
  [1m[36mScore Create (0.6ms)[0m  [1m[32mINSERT INTO "scores" ("user_id", "value", "created_at", "updated_at") VALUES (?, ?, ?, ?)[0m  [["user_id", 5], ["value", 24], ["created_at", "2020-09-05 15:25:43.592468"], ["updated_at", "2020-09-05 15:25:43.592468"]]
  [1m[35m (2.6ms)[0m  [1m[36mcommit transaction[0m
  [1m[35m (0.1ms)[0m  [1m[36mbegin transaction[0m
  [1m[36mScore Create (0.4ms)[0m  [1m[32mINSERT INTO "scores" ("user_id", "value", "created_at", "updated_at") VALUES (?, ?, ?, ?)[0m  [["user_id", 6], ["value", 26], ["created_at", "2020-09-05 15:25:43.599640"], ["updated_at", "2020-09-05 15:25:43.599640"]]
  [1m[35m (2.6ms)[0m  [1m[36mcommit transaction[0m
  [1m[35m (0.1ms)[0m  [1m[36mbegin transaction[0m
  [1m[36mScore Create (0.4ms)[0m  [1m[32mINSERT INTO "scores" ("user_id", "value", "created_at", "updated_at") VALUES (?, ?, ?, ?)[0m  [["user_id", 7], ["value", 5], ["created_at", "2020-09-05 15:25:43.606859"], ["updated_at", "2020-09-05 15:25:43.606859"]]
  [1m[35m (3.0ms)[0m  [1m[36mcommit transaction[0m
  [1m[35m (0.1ms)[0m  [1m[36mbegin transaction[0m
  [1m[36mScore Create (0.5ms)[0m  [1m[32mINSERT INTO "scores" ("user_id", "value", "created_at", "updated_at") VALUES (?, ?, ?, ?)[0m  [["user_id", 7], ["value", 44], ["created_at", "2020-09-05 15:25:43.614814"], ["updated_at", "2020-09-05 15:25:43.614814"]]
  [1m[35m (3.0ms)[0m  [1m[36mcommit transaction[0m
  [1m[35m (0.1ms)[0m  [1m[36mbegin transaction[0m
  [1m[36mScore Create (0.4ms)[0m  [1m[32mINSERT INTO "scores" ("user_id", "value", "created_at", "updated_at") VALUES (?, ?, ?, ?)[0m  [["user_id", 7], ["value", 12], ["created_at", "2020-09-05 15:25:43.623405"], ["updated_at", "2020-09-05 15:25:43.623405"]]
  [1m[35m (2.7ms)[0m  [1m[36mcommit transaction[0m
  [1m[35m (0.1ms)[0m  [1m[36mbegin transaction[0m
  [1m[36mScore Create (0.5ms)[0m  [1m[32mINSERT INTO "scores" ("user_id", "value", "created_at", "updated_at") VALUES (?, ?, ?, ?)[0m  [["user_id", 8], ["value", 49], ["created_at", "2020-09-05 15:25:43.631055"], ["updated_at", "2020-09-05 15:25:43.631055"]]
  [1m[35m (3.0ms)[0m  [1m[36mcommit transaction[0m
  [1m[35m (0.1ms)[0m  [1m[36mbegin transaction[0m
  [1m[36mScore Create (0.4ms)[0m  [1m[32mINSERT INTO "scores" ("user_id", "value", "created_at", "updated_at") VALUES (?, ?, ?, ?)[0m  [["user_id", 8], ["value", 38], ["created_at", "2020-09-05 15:25:43.638782"], ["updated_at", "2020-09-05 15:25:43.638782"]]
  [1m[35m (2.7ms)[0m  [1m[36mcommit transaction[0m
  [1m[35m (0.1ms)[0m  [1m[36mbegin transaction[0m
  [1m[36mScore Create (0.4ms)[0m  [1m[32mINSERT INTO "scores" ("user_id", "value", "created_at", "updated_at") VALUES (?, ?, ?, ?)[0m  [["user_id", 8], ["value", 5], ["created_at", "2020-09-05 15:25:43.645954"], ["updated_at", "2020-09-05 15:25:43.645954"]]
  [1m[35m (3.2ms)[0m  [1m[36mcommit transaction[0m
  [1m[35m (0.1ms)[0m  [1m[36mbegin transaction[0m
  [1m[36mScore Create (0.5ms)[0m  [1m[32mINSERT INTO "scores" ("user_id", "value", "created_at", "updated_at") VALUES (?, ?, ?, ?)[0m  [["user_id", 9], ["value", 32], ["created_at", "2020-09-05 15:25:43.653253"], ["updated_at", "2020-09-05 15:25:43.653253"]]
  [1m[35m (5.7ms)[0m  [1m[36mcommit transaction[0m
  [1m[35m (0.1ms)[0m  [1m[36mbegin transaction[0m
  [1m[36mScore Create (0.4ms)[0m  [1m[32mINSERT INTO "scores" ("user_id", "value", "created_at", "updated_at") VALUES (?, ?, ?, ?)[0m  [["user_id", 9], ["value", 4], ["created_at", "2020-09-05 15:25:43.663597"], ["updated_at", "2020-09-05 15:25:43.663597"]]
  [1m[35m (3.0ms)[0m  [1m[36mcommit transaction[0m
  [1m[35m (0.1ms)[0m  [1m[36mbegin transaction[0m
  [1m[36mScore Create (0.4ms)[0m  [1m[32mINSERT INTO "scores" ("user_id", "value", "created_at", "updated_at") VALUES (?, ?, ?, ?)[0m  [["user_id", 10], ["value", 26], ["created_at", "2020-09-05 15:25:43.671151"], ["updated_at", "2020-09-05 15:25:43.671151"]]
  [1m[35m (2.9ms)[0m  [1m[36mcommit transaction[0m
  [1m[35m (6.4ms)[0m  [1m[34mSELECT sqlite_version(*)[0m
  [1m[36mUser Load (2.7ms)[0m  [1m[34mSELECT "users".* FROM "users" LIMIT ?[0m  [["LIMIT", 11]]
  [1m[36mScore Load (2.6ms)[0m  [1m[34mSELECT "scores".* FROM "scores" LIMIT ?[0m  [["LIMIT", 11]]
  [1m[35m (2.5ms)[0m  [1m[34mSELECT COUNT(*) FROM "scores"[0m
  [1m[35m (4.0ms)[0m  [1m[34mSELECT sqlite_version(*)[0m
  [1m[36mUser Load (2.6ms)[0m  [1m[34mSELECT "users".* FROM "users" LIMIT ?[0m  [["LIMIT", 11]]
Started GET "/users" for ::1 at 2020-09-05 11:39:07 -0400
  [1m[35m (4.7ms)[0m  [1m[34mSELECT sqlite_version(*)[0m
  [1m[35m (2.6ms)[0m  [1m[34mSELECT "schema_migrations"."version" FROM "schema_migrations" ORDER BY "schema_migrations"."version" ASC[0m
  
ActionController::RoutingError (uninitialized constant UserController
Did you mean?  UsersController):
  
actionpack (6.0.3.2) lib/action_dispatch/http/request.rb:92:in `rescue in controller_class_for'
actionpack (6.0.3.2) lib/action_dispatch/http/request.rb:88:in `controller_class_for'
actionpack (6.0.3.2) lib/action_dispatch/http/request.rb:81:in `controller_class'
actionpack (6.0.3.2) lib/action_dispatch/routing/route_set.rb:44:in `controller'
actionpack (6.0.3.2) lib/action_dispatch/routing/route_set.rb:31:in `serve'
actionpack (6.0.3.2) lib/action_dispatch/journey/router.rb:49:in `block in serve'
actionpack (6.0.3.2) lib/action_dispatch/journey/router.rb:32:in `each'
actionpack (6.0.3.2) lib/action_dispatch/journey/router.rb:32:in `serve'
actionpack (6.0.3.2) lib/action_dispatch/routing/route_set.rb:834:in `call'
rack (2.2.3) lib/rack/tempfile_reaper.rb:15:in `call'
rack (2.2.3) lib/rack/etag.rb:27:in `call'
rack (2.2.3) lib/rack/conditional_get.rb:27:in `call'
rack (2.2.3) lib/rack/head.rb:12:in `call'
actionpack (6.0.3.2) lib/action_dispatch/http/content_security_policy.rb:18:in `call'
rack (2.2.3) lib/rack/session/abstract/id.rb:266:in `context'
rack (2.2.3) lib/rack/session/abstract/id.rb:260:in `call'
actionpack (6.0.3.2) lib/action_dispatch/middleware/cookies.rb:648:in `call'
activerecord (6.0.3.2) lib/active_record/migration.rb:567:in `call'
actionpack (6.0.3.2) lib/action_dispatch/middleware/callbacks.rb:27:in `block in call'
activesupport (6.0.3.2) lib/active_support/callbacks.rb:101:in `run_callbacks'
actionpack (6.0.3.2) lib/action_dispatch/middleware/callbacks.rb:26:in `call'
actionpack (6.0.3.2) lib/action_dispatch/middleware/executor.rb:14:in `call'
actionpack (6.0.3.2) lib/action_dispatch/middleware/actionable_exceptions.rb:17:in `call'
actionpack (6.0.3.2) lib/action_dispatch/middleware/debug_exceptions.rb:32:in `call'
web-console (4.0.4) lib/web_console/middleware.rb:132:in `call_app'
web-console (4.0.4) lib/web_console/middleware.rb:28:in `block in call'
web-console (4.0.4) lib/web_console/middleware.rb:17:in `catch'
web-console (4.0.4) lib/web_console/middleware.rb:17:in `call'
actionpack (6.0.3.2) lib/action_dispatch/middleware/show_exceptions.rb:33:in `call'
railties (6.0.3.2) lib/rails/rack/logger.rb:37:in `call_app'
railties (6.0.3.2) lib/rails/rack/logger.rb:26:in `block in call'
activesupport (6.0.3.2) lib/active_support/tagged_logging.rb:80:in `block in tagged'
activesupport (6.0.3.2) lib/active_support/tagged_logging.rb:28:in `tagged'
activesupport (6.0.3.2) lib/active_support/tagged_logging.rb:80:in `tagged'
railties (6.0.3.2) lib/rails/rack/logger.rb:26:in `call'
sprockets-rails (3.2.1) lib/sprockets/rails/quiet_assets.rb:13:in `call'
actionpack (6.0.3.2) lib/action_dispatch/middleware/remote_ip.rb:81:in `call'
actionpack (6.0.3.2) lib/action_dispatch/middleware/request_id.rb:27:in `call'
rack (2.2.3) lib/rack/method_override.rb:24:in `call'
rack (2.2.3) lib/rack/runtime.rb:22:in `call'
activesupport (6.0.3.2) lib/active_support/cache/strategy/local_cache_middleware.rb:29:in `call'
actionpack (6.0.3.2) lib/action_dispatch/middleware/executor.rb:14:in `call'
actionpack (6.0.3.2) lib/action_dispatch/middleware/static.rb:126:in `call'
rack (2.2.3) lib/rack/sendfile.rb:110:in `call'
actionpack (6.0.3.2) lib/action_dispatch/middleware/host_authorization.rb:82:in `call'
webpacker (4.3.0) lib/webpacker/dev_server_proxy.rb:23:in `perform_request'
rack-proxy (0.6.5) lib/rack/proxy.rb:57:in `call'
railties (6.0.3.2) lib/rails/engine.rb:527:in `call'
puma (4.3.5) lib/puma/configuration.rb:228:in `call'
puma (4.3.5) lib/puma/server.rb:713:in `handle_request'
puma (4.3.5) lib/puma/server.rb:472:in `process_client'
puma (4.3.5) lib/puma/server.rb:328:in `block in run'
puma (4.3.5) lib/puma/thread_pool.rb:134:in `block in spawn_thread'
Started GET "/users" for ::1 at 2020-09-05 11:39:36 -0400
  [1m[35m (0.5ms)[0m  [1m[34mSELECT sqlite_version(*)[0m
Processing by UsersController#index as HTML
  [1m[36mUser Load (1.9ms)[0m  [1m[34mSELECT "users".* FROM "users"[0m
  ↳ app/controllers/users_controller.rb:4:in `index'
[active_model_serializers]   [1m[36mScore Load (1.9ms)[0m  [1m[34mSELECT "scores".* FROM "scores" WHERE "scores"."user_id" = ?[0m  [["user_id", 1]]
[active_model_serializers]   ↳ app/controllers/users_controller.rb:4:in `index'
[active_model_serializers]   [1m[36mScore Load (0.2ms)[0m  [1m[34mSELECT "scores".* FROM "scores" WHERE "scores"."user_id" = ?[0m  [["user_id", 2]]
[active_model_serializers]   ↳ app/controllers/users_controller.rb:4:in `index'
[active_model_serializers]   [1m[36mScore Load (0.1ms)[0m  [1m[34mSELECT "scores".* FROM "scores" WHERE "scores"."user_id" = ?[0m  [["user_id", 3]]
[active_model_serializers]   ↳ app/controllers/users_controller.rb:4:in `index'
[active_model_serializers]   [1m[36mScore Load (0.2ms)[0m  [1m[34mSELECT "scores".* FROM "scores" WHERE "scores"."user_id" = ?[0m  [["user_id", 4]]
[active_model_serializers]   ↳ app/controllers/users_controller.rb:4:in `index'
[active_model_serializers]   [1m[36mScore Load (0.3ms)[0m  [1m[34mSELECT "scores".* FROM "scores" WHERE "scores"."user_id" = ?[0m  [["user_id", 5]]
[active_model_serializers]   ↳ app/controllers/users_controller.rb:4:in `index'
[active_model_serializers]   [1m[36mScore Load (0.8ms)[0m  [1m[34mSELECT "scores".* FROM "scores" WHERE "scores"."user_id" = ?[0m  [["user_id", 6]]
[active_model_serializers]   ↳ app/controllers/users_controller.rb:4:in `index'
[active_model_serializers]   [1m[36mScore Load (1.4ms)[0m  [1m[34mSELECT "scores".* FROM "scores" WHERE "scores"."user_id" = ?[0m  [["user_id", 7]]
[active_model_serializers]   ↳ app/controllers/users_controller.rb:4:in `index'
[active_model_serializers]   [1m[36mScore Load (0.2ms)[0m  [1m[34mSELECT "scores".* FROM "scores" WHERE "scores"."user_id" = ?[0m  [["user_id", 8]]
[active_model_serializers]   ↳ app/controllers/users_controller.rb:4:in `index'
[active_model_serializers]   [1m[36mScore Load (0.3ms)[0m  [1m[34mSELECT "scores".* FROM "scores" WHERE "scores"."user_id" = ?[0m  [["user_id", 9]]
[active_model_serializers]   ↳ app/controllers/users_controller.rb:4:in `index'
[active_model_serializers]   [1m[36mScore Load (2.0ms)[0m  [1m[34mSELECT "scores".* FROM "scores" WHERE "scores"."user_id" = ?[0m  [["user_id", 10]]
[active_model_serializers]   ↳ app/controllers/users_controller.rb:4:in `index'
[active_model_serializers] Rendered ActiveModel::Serializer::CollectionSerializer with ActiveModelSerializers::Adapter::Attributes (303.6ms)
Completed 200 OK in 563ms (Views: 519.1ms | ActiveRecord: 14.5ms | Allocations: 37299)


Started GET "/users" for ::1 at 2020-09-05 11:40:16 -0400
  [1m[35m (0.3ms)[0m  [1m[34mSELECT sqlite_version(*)[0m
Processing by UsersController#index as HTML
  [1m[36mUser Load (2.2ms)[0m  [1m[34mSELECT "users".* FROM "users"[0m
  ↳ app/controllers/users_controller.rb:4:in `index'
[active_model_serializers]   [1m[36mScore Load (2.3ms)[0m  [1m[34mSELECT "scores".* FROM "scores" WHERE "scores"."user_id" = ?[0m  [["user_id", 1]]
[active_model_serializers]   ↳ app/controllers/users_controller.rb:4:in `index'
[active_model_serializers]   [1m[36mScore Load (0.2ms)[0m  [1m[34mSELECT "scores".* FROM "scores" WHERE "scores"."user_id" = ?[0m  [["user_id", 2]]
[active_model_serializers]   ↳ app/controllers/users_controller.rb:4:in `index'
[active_model_serializers]   [1m[36mScore Load (0.7ms)[0m  [1m[34mSELECT "scores".* FROM "scores" WHERE "scores"."user_id" = ?[0m  [["user_id", 3]]
[active_model_serializers]   ↳ app/controllers/users_controller.rb:4:in `index'
[active_model_serializers]   [1m[36mScore Load (0.2ms)[0m  [1m[34mSELECT "scores".* FROM "scores" WHERE "scores"."user_id" = ?[0m  [["user_id", 4]]
[active_model_serializers]   ↳ app/controllers/users_controller.rb:4:in `index'
[active_model_serializers]   [1m[36mScore Load (0.4ms)[0m  [1m[34mSELECT "scores".* FROM "scores" WHERE "scores"."user_id" = ?[0m  [["user_id", 5]]
[active_model_serializers]   ↳ app/controllers/users_controller.rb:4:in `index'
[active_model_serializers]   [1m[36mScore Load (0.3ms)[0m  [1m[34mSELECT "scores".* FROM "scores" WHERE "scores"."user_id" = ?[0m  [["user_id", 6]]
[active_model_serializers]   ↳ app/controllers/users_controller.rb:4:in `index'
[active_model_serializers]   [1m[36mScore Load (0.2ms)[0m  [1m[34mSELECT "scores".* FROM "scores" WHERE "scores"."user_id" = ?[0m  [["user_id", 7]]
[active_model_serializers]   ↳ app/controllers/users_controller.rb:4:in `index'
[active_model_serializers]   [1m[36mScore Load (0.2ms)[0m  [1m[34mSELECT "scores".* FROM "scores" WHERE "scores"."user_id" = ?[0m  [["user_id", 8]]
[active_model_serializers]   ↳ app/controllers/users_controller.rb:4:in `index'
[active_model_serializers]   [1m[36mScore Load (0.2ms)[0m  [1m[34mSELECT "scores".* FROM "scores" WHERE "scores"."user_id" = ?[0m  [["user_id", 9]]
[active_model_serializers]   ↳ app/controllers/users_controller.rb:4:in `index'
[active_model_serializers]   [1m[36mScore Load (0.4ms)[0m  [1m[34mSELECT "scores".* FROM "scores" WHERE "scores"."user_id" = ?[0m  [["user_id", 10]]
[active_model_serializers]   ↳ app/controllers/users_controller.rb:4:in `index'
[active_model_serializers] Rendered ActiveModel::Serializer::CollectionSerializer with ActiveModelSerializers::Adapter::Attributes (212.81ms)
Completed 200 OK in 283ms (Views: 259.9ms | ActiveRecord: 9.0ms | Allocations: 27803)


Started GET "/users/Davis" for ::1 at 2020-09-05 11:40:23 -0400
Processing by UsersController#show as HTML
  Parameters: {"username"=>"Davis"}
Completed 500 Internal Server Error in 1ms (ActiveRecord: 0.0ms | Allocations: 513)


  
ArgumentError (wrong number of arguments (given 1, expected 0)):
  
app/controllers/users_controller.rb:8:in `show'
Started GET "/users/Davis" for ::1 at 2020-09-05 11:40:54 -0400
  [1m[35m (0.3ms)[0m  [1m[34mSELECT sqlite_version(*)[0m
Processing by UsersController#show as HTML
  Parameters: {"username"=>"Davis"}
  [1m[36mUser Load (2.4ms)[0m  [1m[34mSELECT "users".* FROM "users" WHERE "users"."username" = ? LIMIT ?[0m  [["username", "Davis"], ["LIMIT", 1]]
  ↳ app/controllers/users_controller.rb:8:in `show'
[active_model_serializers]   [1m[36mScore Load (2.3ms)[0m  [1m[34mSELECT "scores".* FROM "scores" WHERE "scores"."user_id" = ?[0m  [["user_id", 1]]
[active_model_serializers]   ↳ app/controllers/users_controller.rb:9:in `show'
[active_model_serializers] Rendered UserSerializer with ActiveModelSerializers::Adapter::Attributes (74.59ms)
Completed 200 OK in 116ms (Views: 77.0ms | ActiveRecord: 9.8ms | Allocations: 12457)


Started GET "/users/" for ::1 at 2020-09-05 11:41:00 -0400
Processing by UsersController#index as HTML
  [1m[36mUser Load (0.7ms)[0m  [1m[34mSELECT "users".* FROM "users"[0m
  ↳ app/controllers/users_controller.rb:4:in `index'
[active_model_serializers]   [1m[36mScore Load (0.5ms)[0m  [1m[34mSELECT "scores".* FROM "scores" WHERE "scores"."user_id" = ?[0m  [["user_id", 1]]
[active_model_serializers]   ↳ app/controllers/users_controller.rb:4:in `index'
[active_model_serializers]   [1m[36mScore Load (0.2ms)[0m  [1m[34mSELECT "scores".* FROM "scores" WHERE "scores"."user_id" = ?[0m  [["user_id", 2]]
[active_model_serializers]   ↳ app/controllers/users_controller.rb:4:in `index'
[active_model_serializers]   [1m[36mScore Load (0.2ms)[0m  [1m[34mSELECT "scores".* FROM "scores" WHERE "scores"."user_id" = ?[0m  [["user_id", 3]]
[active_model_serializers]   ↳ app/controllers/users_controller.rb:4:in `index'
[active_model_serializers]   [1m[36mScore Load (0.2ms)[0m  [1m[34mSELECT "scores".* FROM "scores" WHERE "scores"."user_id" = ?[0m  [["user_id", 4]]
[active_model_serializers]   ↳ app/controllers/users_controller.rb:4:in `index'
[active_model_serializers]   [1m[36mScore Load (0.3ms)[0m  [1m[34mSELECT "scores".* FROM "scores" WHERE "scores"."user_id" = ?[0m  [["user_id", 5]]
[active_model_serializers]   ↳ app/controllers/users_controller.rb:4:in `index'
[active_model_serializers]   [1m[36mScore Load (0.3ms)[0m  [1m[34mSELECT "scores".* FROM "scores" WHERE "scores"."user_id" = ?[0m  [["user_id", 6]]
[active_model_serializers]   ↳ app/controllers/users_controller.rb:4:in `index'
[active_model_serializers]   [1m[36mScore Load (0.3ms)[0m  [1m[34mSELECT "scores".* FROM "scores" WHERE "scores"."user_id" = ?[0m  [["user_id", 7]]
[active_model_serializers]   ↳ app/controllers/users_controller.rb:4:in `index'
[active_model_serializers]   [1m[36mScore Load (0.3ms)[0m  [1m[34mSELECT "scores".* FROM "scores" WHERE "scores"."user_id" = ?[0m  [["user_id", 8]]
[active_model_serializers]   ↳ app/controllers/users_controller.rb:4:in `index'
[active_model_serializers]   [1m[36mScore Load (0.3ms)[0m  [1m[34mSELECT "scores".* FROM "scores" WHERE "scores"."user_id" = ?[0m  [["user_id", 9]]
[active_model_serializers]   ↳ app/controllers/users_controller.rb:4:in `index'
[active_model_serializers]   [1m[36mScore Load (0.4ms)[0m  [1m[34mSELECT "scores".* FROM "scores" WHERE "scores"."user_id" = ?[0m  [["user_id", 10]]
[active_model_serializers]   ↳ app/controllers/users_controller.rb:4:in `index'
[active_model_serializers] Rendered ActiveModel::Serializer::CollectionSerializer with ActiveModelSerializers::Adapter::Attributes (174.91ms)
Completed 200 OK in 183ms (Views: 177.4ms | ActiveRecord: 3.7ms | Allocations: 17836)


Started GET "/scores" for ::1 at 2020-09-05 11:41:23 -0400
  
ActionController::RoutingError (No route matches [GET] "/scores"):
  
actionpack (6.0.3.2) lib/action_dispatch/middleware/debug_exceptions.rb:36:in `call'
web-console (4.0.4) lib/web_console/middleware.rb:132:in `call_app'
web-console (4.0.4) lib/web_console/middleware.rb:28:in `block in call'
web-console (4.0.4) lib/web_console/middleware.rb:17:in `catch'
web-console (4.0.4) lib/web_console/middleware.rb:17:in `call'
actionpack (6.0.3.2) lib/action_dispatch/middleware/show_exceptions.rb:33:in `call'
railties (6.0.3.2) lib/rails/rack/logger.rb:37:in `call_app'
railties (6.0.3.2) lib/rails/rack/logger.rb:26:in `block in call'
activesupport (6.0.3.2) lib/active_support/tagged_logging.rb:80:in `block in tagged'
activesupport (6.0.3.2) lib/active_support/tagged_logging.rb:28:in `tagged'
activesupport (6.0.3.2) lib/active_support/tagged_logging.rb:80:in `tagged'
railties (6.0.3.2) lib/rails/rack/logger.rb:26:in `call'
sprockets-rails (3.2.1) lib/sprockets/rails/quiet_assets.rb:13:in `call'
actionpack (6.0.3.2) lib/action_dispatch/middleware/remote_ip.rb:81:in `call'
actionpack (6.0.3.2) lib/action_dispatch/middleware/request_id.rb:27:in `call'
rack (2.2.3) lib/rack/method_override.rb:24:in `call'
rack (2.2.3) lib/rack/runtime.rb:22:in `call'
activesupport (6.0.3.2) lib/active_support/cache/strategy/local_cache_middleware.rb:29:in `call'
actionpack (6.0.3.2) lib/action_dispatch/middleware/executor.rb:14:in `call'
actionpack (6.0.3.2) lib/action_dispatch/middleware/static.rb:126:in `call'
rack (2.2.3) lib/rack/sendfile.rb:110:in `call'
actionpack (6.0.3.2) lib/action_dispatch/middleware/host_authorization.rb:82:in `call'
webpacker (4.3.0) lib/webpacker/dev_server_proxy.rb:23:in `perform_request'
rack-proxy (0.6.5) lib/rack/proxy.rb:57:in `call'
railties (6.0.3.2) lib/rails/engine.rb:527:in `call'
puma (4.3.5) lib/puma/configuration.rb:228:in `call'
puma (4.3.5) lib/puma/server.rb:713:in `handle_request'
puma (4.3.5) lib/puma/server.rb:472:in `process_client'
puma (4.3.5) lib/puma/server.rb:328:in `block in run'
puma (4.3.5) lib/puma/thread_pool.rb:134:in `block in spawn_thread'
Started GET "/scores" for ::1 at 2020-09-05 11:41:43 -0400
  
SyntaxError (/Users/DivaSteven/Development/code/Module3/learncolabs/Mod3Project/backend/config/routes.rb:5: syntax error, unexpected tSTRING_BEG, expecting do or '{' or '('
  get '/scores', to 'scores#index'
                    ^):
  
config/routes.rb:5: syntax error, unexpected tSTRING_BEG, expecting do or '{' or '('
config/routes.rb:5: syntax error, unexpected tSTRING_BEG, expecting do or '{' or '('
config/routes.rb:5: syntax error, unexpected tSTRING_BEG, expecting do or '{' or '('
Started GET "/scores" for ::1 at 2020-09-05 11:41:52 -0400
  [1m[35m (0.1ms)[0m  [1m[34mSELECT sqlite_version(*)[0m
Processing by ScoresController#index as HTML
  [1m[36mScore Load (3.8ms)[0m  [1m[34mSELECT "scores".* FROM "scores"[0m
  ↳ app/controllers/scores_controller.rb:4:in `index'
[active_model_serializers]   [1m[36mUser Load (22.3ms)[0m  [1m[34mSELECT "users".* FROM "users" WHERE "users"."id" = ? LIMIT ?[0m  [["id", 1], ["LIMIT", 1]]
[active_model_serializers]   ↳ app/controllers/scores_controller.rb:4:in `index'
[active_model_serializers]   [1m[36mCACHE User Load (0.1ms)[0m  [1m[34mSELECT "users".* FROM "users" WHERE "users"."id" = ? LIMIT ?[0m  [["id", 1], ["LIMIT", 1]]
[active_model_serializers]   ↳ app/controllers/scores_controller.rb:4:in `index'
[active_model_serializers]   [1m[36mUser Load (0.4ms)[0m  [1m[34mSELECT "users".* FROM "users" WHERE "users"."id" = ? LIMIT ?[0m  [["id", 2], ["LIMIT", 1]]
[active_model_serializers]   ↳ app/controllers/scores_controller.rb:4:in `index'
[active_model_serializers]   [1m[36mCACHE User Load (0.1ms)[0m  [1m[34mSELECT "users".* FROM "users" WHERE "users"."id" = ? LIMIT ?[0m  [["id", 2], ["LIMIT", 1]]
[active_model_serializers]   ↳ app/controllers/scores_controller.rb:4:in `index'
[active_model_serializers]   [1m[36mCACHE User Load (0.1ms)[0m  [1m[34mSELECT "users".* FROM "users" WHERE "users"."id" = ? LIMIT ?[0m  [["id", 2], ["LIMIT", 1]]
[active_model_serializers]   ↳ app/controllers/scores_controller.rb:4:in `index'
[active_model_serializers]   [1m[36mUser Load (1.0ms)[0m  [1m[34mSELECT "users".* FROM "users" WHERE "users"."id" = ? LIMIT ?[0m  [["id", 3], ["LIMIT", 1]]
[active_model_serializers]   ↳ app/controllers/scores_controller.rb:4:in `index'
[active_model_serializers]   [1m[36mUser Load (15.7ms)[0m  [1m[34mSELECT "users".* FROM "users" WHERE "users"."id" = ? LIMIT ?[0m  [["id", 4], ["LIMIT", 1]]
[active_model_serializers]   ↳ app/controllers/scores_controller.rb:4:in `index'
[active_model_serializers]   [1m[36mCACHE User Load (0.1ms)[0m  [1m[34mSELECT "users".* FROM "users" WHERE "users"."id" = ? LIMIT ?[0m  [["id", 4], ["LIMIT", 1]]
[active_model_serializers]   ↳ app/controllers/scores_controller.rb:4:in `index'
[active_model_serializers]   [1m[36mCACHE User Load (0.5ms)[0m  [1m[34mSELECT "users".* FROM "users" WHERE "users"."id" = ? LIMIT ?[0m  [["id", 4], ["LIMIT", 1]]
[active_model_serializers]   ↳ app/controllers/scores_controller.rb:4:in `index'
[active_model_serializers]   [1m[36mUser Load (0.4ms)[0m  [1m[34mSELECT "users".* FROM "users" WHERE "users"."id" = ? LIMIT ?[0m  [["id", 5], ["LIMIT", 1]]
[active_model_serializers]   ↳ app/controllers/scores_controller.rb:4:in `index'
[active_model_serializers]   [1m[36mUser Load (0.3ms)[0m  [1m[34mSELECT "users".* FROM "users" WHERE "users"."id" = ? LIMIT ?[0m  [["id", 6], ["LIMIT", 1]]
[active_model_serializers]   ↳ app/controllers/scores_controller.rb:4:in `index'
[active_model_serializers]   [1m[36mUser Load (5.1ms)[0m  [1m[34mSELECT "users".* FROM "users" WHERE "users"."id" = ? LIMIT ?[0m  [["id", 7], ["LIMIT", 1]]
[active_model_serializers]   ↳ app/controllers/scores_controller.rb:4:in `index'
[active_model_serializers]   [1m[36mCACHE User Load (0.0ms)[0m  [1m[34mSELECT "users".* FROM "users" WHERE "users"."id" = ? LIMIT ?[0m  [["id", 7], ["LIMIT", 1]]
[active_model_serializers]   ↳ app/controllers/scores_controller.rb:4:in `index'
[active_model_serializers]   [1m[36mCACHE User Load (0.0ms)[0m  [1m[34mSELECT "users".* FROM "users" WHERE "users"."id" = ? LIMIT ?[0m  [["id", 7], ["LIMIT", 1]]
[active_model_serializers]   ↳ app/controllers/scores_controller.rb:4:in `index'
[active_model_serializers]   [1m[36mUser Load (0.6ms)[0m  [1m[34mSELECT "users".* FROM "users" WHERE "users"."id" = ? LIMIT ?[0m  [["id", 8], ["LIMIT", 1]]
[active_model_serializers]   ↳ app/controllers/scores_controller.rb:4:in `index'
[active_model_serializers]   [1m[36mCACHE User Load (0.1ms)[0m  [1m[34mSELECT "users".* FROM "users" WHERE "users"."id" = ? LIMIT ?[0m  [["id", 8], ["LIMIT", 1]]
[active_model_serializers]   ↳ app/controllers/scores_controller.rb:4:in `index'
[active_model_serializers]   [1m[36mCACHE User Load (0.1ms)[0m  [1m[34mSELECT "users".* FROM "users" WHERE "users"."id" = ? LIMIT ?[0m  [["id", 8], ["LIMIT", 1]]
[active_model_serializers]   ↳ app/controllers/scores_controller.rb:4:in `index'
[active_model_serializers]   [1m[36mUser Load (0.3ms)[0m  [1m[34mSELECT "users".* FROM "users" WHERE "users"."id" = ? LIMIT ?[0m  [["id", 9], ["LIMIT", 1]]
[active_model_serializers]   ↳ app/controllers/scores_controller.rb:4:in `index'
[active_model_serializers]   [1m[36mCACHE User Load (0.1ms)[0m  [1m[34mSELECT "users".* FROM "users" WHERE "users"."id" = ? LIMIT ?[0m  [["id", 9], ["LIMIT", 1]]
[active_model_serializers]   ↳ app/controllers/scores_controller.rb:4:in `index'
[active_model_serializers]   [1m[36mUser Load (6.0ms)[0m  [1m[34mSELECT "users".* FROM "users" WHERE "users"."id" = ? LIMIT ?[0m  [["id", 10], ["LIMIT", 1]]
[active_model_serializers]   ↳ app/controllers/scores_controller.rb:4:in `index'
[active_model_serializers] Rendered ActiveModel::Serializer::CollectionSerializer with ActiveModelSerializers::Adapter::Attributes (576.92ms)
Completed 200 OK in 721ms (Views: 647.8ms | ActiveRecord: 62.0ms | Allocations: 38903)


